#
# There is insufficient memory for the Java Runtime Environment to continue.
# Native memory allocation (malloc) failed to allocate 146800640 bytes for committing reserved memory.
# Possible reasons:
#   The system is out of physical RAM or swap space
#   In 32 bit mode, the process size limit was hit
# Possible solutions:
#   Reduce memory load on the system
#   Increase physical memory or swap space
#   Check if swap backing store is full
#   Use 64 bit Java on a 64 bit OS
#   Decrease Java heap size (-Xmx/-Xms)
#   Decrease number of Java threads
#   Decrease Java thread stack sizes (-Xss)
#   Set larger code cache with -XX:ReservedCodeCacheSize=
# This output file may be truncated or incomplete.
#
#  Out of Memory Error (os_linux.cpp:2798), pid=4925, tid=140129288050432
#
# JRE version: OpenJDK Runtime Environment (7.0_65-b32) (build 1.7.0_65-b32)
# Java VM: OpenJDK 64-Bit Server VM (24.65-b04 mixed mode linux-amd64 compressed oops)
# Derivative: IcedTea 2.5.3
# Distribution: Ubuntu 14.04 LTS, package 7u71-2.5.3-0ubuntu0.14.04.1
# Failed to write core dump. Core dumps have been disabled. To enable core dumping, try "ulimit -c unlimited" before starting Java again
#

---------------  T H R E A D  ---------------

Current thread (0x00007f727813c800):  VMThread [stack: 0x00007f72645fd000,0x00007f72646fe000] [id=4977]

Stack: [0x00007f72645fd000,0x00007f72646fe000],  sp=0x00007f72646fc490,  free space=1021k
Native frames: (J=compiled Java code, j=interpreted, Vv=VM code, C=native code)
V  [libjvm.so+0x948b05]  VMError::report_and_die()+0x175
V  [libjvm.so+0x48bc34]  report_vm_out_of_memory(char const*, int, unsigned long, char const*)+0x74
V  [libjvm.so+0x7c7bfb]  os::pd_commit_memory(char*, unsigned long, unsigned long, bool)+0xeb
V  [libjvm.so+0x7c26bf]  os::commit_memory(char*, unsigned long, unsigned long, bool)+0x1f
V  [libjvm.so+0x833e4b]  PSVirtualSpace::expand_by(unsigned long)+0x5b
V  [libjvm.so+0x834ca0]  PSYoungGen::resize_generation(unsigned long, unsigned long)+0xb0
V  [libjvm.so+0x83538b]  PSYoungGen::resize(unsigned long, unsigned long)+0x1b
V  [libjvm.so+0x831670]  PSScavenge::invoke_no_policy()+0xde0
V  [libjvm.so+0x831e48]  PSScavenge::invoke()+0x38
V  [libjvm.so+0x7e8823]  ParallelScavengeHeap::failed_mem_allocate(unsigned long)+0x63
V  [libjvm.so+0x94a504]  VM_ParallelGCFailedAllocation::doit()+0x84
V  [libjvm.so+0x94e9f7]  VM_Operation::evaluate()+0x47
V  [libjvm.so+0x94d368]  VMThread::evaluate_operation(VM_Operation*)+0x318
V  [libjvm.so+0x94d7c9]  VMThread::loop()+0x219
V  [libjvm.so+0x94dc12]  VMThread::run()+0x72
V  [libjvm.so+0x7c4ac2]  java_start(Thread*)+0xf2

VM_Operation (0x00007f727ed49ce0): ParallelGCFailedAllocation, mode: safepoint, requested by thread 0x00007f727800a000


---------------  P R O C E S S  ---------------

Java Threads: ( => current thread )
  0x00007f7278177800 JavaThread "Service Thread" daemon [_thread_blocked, id=4996, stack(0x00007f724fcfd000,0x00007f724fdfe000)]
  0x00007f7278175800 JavaThread "C2 CompilerThread1" daemon [_thread_blocked, id=4992, stack(0x00007f724fdfe000,0x00007f724feff000)]
  0x00007f7278172800 JavaThread "C2 CompilerThread0" daemon [_thread_blocked, id=4989, stack(0x00007f724feff000,0x00007f7250000000)]
  0x00007f7278170000 JavaThread "Signal Dispatcher" daemon [_thread_blocked, id=4986, stack(0x00007f7264031000,0x00007f7264132000)]
  0x00007f7278143000 JavaThread "Finalizer" daemon [_thread_blocked, id=4985, stack(0x00007f72643fb000,0x00007f72644fc000)]
  0x00007f7278141000 JavaThread "Reference Handler" daemon [_thread_blocked, id=4984, stack(0x00007f72644fc000,0x00007f72645fd000)]
  0x00007f727800a000 JavaThread "main" [_thread_blocked, id=4957, stack(0x00007f727ec4b000,0x00007f727ed4c000)]

Other Threads:
=>0x00007f727813c800 VMThread [stack: 0x00007f72645fd000,0x00007f72646fe000] [id=4977]
  0x00007f7278182000 WatcherThread [stack: 0x00007f724fbfc000,0x00007f724fcfd000] [id=5005]

VM state:at safepoint (normal execution)

VM Mutex/Monitor currently owned by a thread:  ([mutex/lock_event])
[0x00007f72780067a0] Threads_lock - owner thread: 0x00007f727813c800
[0x00007f7278006ca0] Heap_lock - owner thread: 0x00007f727800a000

Heap
 PSYoungGen      total 141312K, used 16358K [0x00000000eaa80000, 0x00000000f4680000, 0x0000000100000000)
  eden space 124928K, 0% used [0x00000000eaa80000,0x00000000eaa80000,0x00000000f2480000)
  from space 16384K, 99% used [0x00000000f2480000,0x00000000f3479858,0x00000000f3480000)
  to   space 14336K, 0% used [0x00000000f3480000,0x00000000f3480000,0x00000000f4280000)
 ParOldGen       total 40960K, used 39193K [0x00000000c0000000, 0x00000000c2800000, 0x00000000eaa80000)
  object space 40960K, 95% used [0x00000000c0000000,0x00000000c26464e0,0x00000000c2800000)
 PSPermGen       total 21504K, used 6003K [0x00000000b5a00000, 0x00000000b6f00000, 0x00000000c0000000)
  object space 21504K, 27% used [0x00000000b5a00000,0x00000000b5fdcfe0,0x00000000b6f00000)

Card table byte_map: [0x00007f7274571000,0x00007f72747c5000] byte_map_base: 0x00007f7273fc4000

Polling page: 0x00007f727ed73000

Code Cache  [0x00007f72747c5000, 0x00007f7274a55000, 0x00007f72777c5000)
 total_blobs=879 nmethods=652 adapters=181 free_code_cache=46687Kb largest_free_block=47683648

Compilation events (10 events):
Event: 32.531 Thread 0x00007f7278175800  667             com.android.dx.cf.code.ByteBlockList::labelToBlock (46 bytes)
Event: 32.532 Thread 0x00007f7278175800 nmethod 667 0x00007f72748bf410 code [0x00007f72748bf560, 0x00007f72748bf6b8]
Event: 32.532 Thread 0x00007f7278175800  668             com.android.dx.cf.code.ByteBlockList::get (9 bytes)
Event: 32.532 Thread 0x00007f7278175800 nmethod 668 0x00007f72748bf0d0 code [0x00007f72748bf220, 0x00007f72748bf2f8]
Event: 32.532 Thread 0x00007f7278175800  669             com.android.dx.cf.code.BaseMachine::getLocalTarget (151 bytes)
Event: 32.535 Thread 0x00007f7278175800 nmethod 669 0x00007f727490d390 code [0x00007f727490d520, 0x00007f727490d790]
Event: 32.535 Thread 0x00007f7278175800  670             com.android.dx.ssa.SsaMethod::getParamWidth (5 bytes)
Event: 32.535 Thread 0x00007f7278175800 nmethod 670 0x00007f7274a33c10 code [0x00007f7274a33d40, 0x00007f7274a33d98]
Event: 32.558 Thread 0x00007f7278175800  671             com.android.dx.rop.cst.CstKnownNull::equals (5 bytes)
Event: 32.558 Thread 0x00007f7278175800 nmethod 671 0x00007f727490d110 code [0x00007f727490d260, 0x00007f727490d2d8]

GC Heap History (10 events):
Event: 3.389 GC heap after
Heap after GC invocations=2 (full 0):
 PSYoungGen      total 34304K, used 2539K [0x00000000eaa80000, 0x00000000ece80000, 0x0000000100000000)
  eden space 31744K, 0% used [0x00000000eaa80000,0x00000000eaa80000,0x00000000ec980000)
  from space 2560K, 99% used [0x00000000ecc00000,0x00000000ece7aef0,0x00000000ece80000)
  to   space 2560K, 0% used [0x00000000ec980000,0x00000000ec980000,0x00000000ecc00000)
 ParOldGen       total 40960K, used 3515K [0x00000000c0000000, 0x00000000c2800000, 0x00000000eaa80000)
  object space 40960K, 8% used [0x00000000c0000000,0x00000000c036ed08,0x00000000c2800000)
 PSPermGen       total 21504K, used 5761K [0x00000000b5a00000, 0x00000000b6f00000, 0x00000000c0000000)
  object space 21504K, 26% used [0x00000000b5a00000,0x00000000b5fa0640,0x00000000b6f00000)
}
Event: 5.040 GC heap before
{Heap before GC invocations=3 (full 0):
 PSYoungGen      total 34304K, used 34283K [0x00000000eaa80000, 0x00000000ece80000, 0x0000000100000000)
  eden space 31744K, 100% used [0x00000000eaa80000,0x00000000ec980000,0x00000000ec980000)
  from space 2560K, 99% used [0x00000000ecc00000,0x00000000ece7aef0,0x00000000ece80000)
  to   space 2560K, 0% used [0x00000000ec980000,0x00000000ec980000,0x00000000ecc00000)
 ParOldGen       total 40960K, used 3515K [0x00000000c0000000, 0x00000000c2800000, 0x00000000eaa80000)
  object space 40960K, 8% used [0x00000000c0000000,0x00000000c036ed08,0x00000000c2800000)
 PSPermGen       total 21504K, used 5824K [0x00000000b5a00000, 0x00000000b6f00000, 0x00000000c0000000)
  object space 21504K, 27% used [0x00000000b5a00000,0x00000000b5fb00a8,0x00000000b6f00000)
Event: 5.258 GC heap after
Heap after GC invocations=3 (full 0):
 PSYoungGen      total 34304K, used 2544K [0x00000000eaa80000, 0x00000000eed80000, 0x0000000100000000)
  eden space 31744K, 0% used [0x00000000eaa80000,0x00000000eaa80000,0x00000000ec980000)
  from space 2560K, 99% used [0x00000000ec980000,0x00000000ecbfc1e0,0x00000000ecc00000)
  to   space 2560K, 0% used [0x00000000eeb00000,0x00000000eeb00000,0x00000000eed80000)
 ParOldGen       total 40960K, used 7747K [0x00000000c0000000, 0x00000000c2800000, 0x00000000eaa80000)
  object space 40960K, 18% used [0x00000000c0000000,0x00000000c0790f78,0x00000000c2800000)
 PSPermGen       total 21504K, used 5824K [0x00000000b5a00000, 0x00000000b6f00000, 0x00000000c0000000)
  object space 21504K, 27% used [0x00000000b5a00000,0x00000000b5fb00a8,0x00000000b6f00000)
}
Event: 6.435 GC heap before
{Heap before GC invocations=4 (full 0):
 PSYoungGen      total 34304K, used 34288K [0x00000000eaa80000, 0x00000000eed80000, 0x0000000100000000)
  eden space 31744K, 100% used [0x00000000eaa80000,0x00000000ec980000,0x00000000ec980000)
  from space 2560K, 99% used [0x00000000ec980000,0x00000000ecbfc1e0,0x00000000ecc00000)
  to   space 2560K, 0% used [0x00000000eeb00000,0x00000000eeb00000,0x00000000eed80000)
 ParOldGen       total 40960K, used 7747K [0x00000000c0000000, 0x00000000c2800000, 0x00000000eaa80000)
  object space 40960K, 18% used [0x00000000c0000000,0x00000000c0790f78,0x00000000c2800000)
 PSPermGen       total 21504K, used 5861K [0x00000000b5a00000, 0x00000000b6f00000, 0x00000000c0000000)
  object space 21504K, 27% used [0x00000000b5a00000,0x00000000b5fb96f8,0x00000000b6f00000)
Event: 8.726 GC heap after
Heap after GC invocations=4 (full 0):
 PSYoungGen      total 66048K, used 2557K [0x00000000eaa80000, 0x00000000eed80000, 0x0000000100000000)
  eden space 63488K, 0% used [0x00000000eaa80000,0x00000000eaa80000,0x00000000ee880000)
  from space 2560K, 99% used [0x00000000eeb00000,0x00000000eed7f738,0x00000000eed80000)
  to   space 2560K, 0% used [0x00000000ee880000,0x00000000ee880000,0x00000000eeb00000)
 ParOldGen       total 40960K, used 13273K [0x00000000c0000000, 0x00000000c2800000, 0x00000000eaa80000)
  object space 40960K, 32% used [0x00000000c0000000,0x00000000c0cf6548,0x00000000c2800000)
 PSPermGen       total 21504K, used 5861K [0x00000000b5a00000, 0x00000000b6f00000, 0x00000000c0000000)
  object space 21504K, 27% used [0x00000000b5a00000,0x00000000b5fb96f8,0x00000000b6f00000)
}
Event: 9.448 GC heap before
{Heap before GC invocations=5 (full 0):
 PSYoungGen      total 66048K, used 66045K [0x00000000eaa80000, 0x00000000eed80000, 0x0000000100000000)
  eden space 63488K, 100% used [0x00000000eaa80000,0x00000000ee880000,0x00000000ee880000)
  from space 2560K, 99% used [0x00000000eeb00000,0x00000000eed7f738,0x00000000eed80000)
  to   space 2560K, 0% used [0x00000000ee880000,0x00000000ee880000,0x00000000eeb00000)
 ParOldGen       total 40960K, used 13273K [0x00000000c0000000, 0x00000000c2800000, 0x00000000eaa80000)
  object space 40960K, 32% used [0x00000000c0000000,0x00000000c0cf6548,0x00000000c2800000)
 PSPermGen       total 21504K, used 5902K [0x00000000b5a00000, 0x00000000b6f00000, 0x00000000c0000000)
  object space 21504K, 27% used [0x00000000b5a00000,0x00000000b5fc3900,0x00000000b6f00000)
Event: 9.490 GC heap after
Heap after GC invocations=5 (full 0):
 PSYoungGen      total 66048K, used 2529K [0x00000000eaa80000, 0x00000000f4280000, 0x0000000100000000)
  eden space 63488K, 0% used [0x00000000eaa80000,0x00000000eaa80000,0x00000000ee880000)
  from space 2560K, 98% used [0x00000000ee880000,0x00000000eeaf87c0,0x00000000eeb00000)
  to   space 14336K, 0% used [0x00000000f3480000,0x00000000f3480000,0x00000000f4280000)
 ParOldGen       total 40960K, used 24750K [0x00000000c0000000, 0x00000000c2800000, 0x00000000eaa80000)
  object space 40960K, 60% used [0x00000000c0000000,0x00000000c182bbc8,0x00000000c2800000)
 PSPermGen       total 21504K, used 5902K [0x00000000b5a00000, 0x00000000b6f00000, 0x00000000c0000000)
  object space 21504K, 27% used [0x00000000b5a00000,0x00000000b5fc3900,0x00000000b6f00000)
}
Event: 9.888 GC heap before
{Heap before GC invocations=6 (full 0):
 PSYoungGen      total 66048K, used 66017K [0x00000000eaa80000, 0x00000000f4280000, 0x0000000100000000)
  eden space 63488K, 100% used [0x00000000eaa80000,0x00000000ee880000,0x00000000ee880000)
  from space 2560K, 98% used [0x00000000ee880000,0x00000000eeaf87c0,0x00000000eeb00000)
  to   space 14336K, 0% used [0x00000000f3480000,0x00000000f3480000,0x00000000f4280000)
 ParOldGen       total 40960K, used 24750K [0x00000000c0000000, 0x00000000c2800000, 0x00000000eaa80000)
  object space 40960K, 60% used [0x00000000c0000000,0x00000000c182bbc8,0x00000000c2800000)
 PSPermGen       total 21504K, used 5929K [0x00000000b5a00000, 0x00000000b6f00000, 0x00000000c0000000)
  object space 21504K, 27% used [0x00000000b5a00000,0x00000000b5fca598,0x00000000b6f00000)
Event: 9.932 GC heap after
Heap after GC invocations=6 (full 0):
 PSYoungGen      total 139264K, used 12997K [0x00000000eaa80000, 0x00000000f4680000, 0x0000000100000000)
  eden space 124928K, 0% used [0x00000000eaa80000,0x00000000eaa80000,0x00000000f2480000)
  from space 14336K, 90% used [0x00000000f3480000,0x00000000f4131770,0x00000000f4280000)
  to   space 16384K, 0% used [0x00000000f2480000,0x00000000f2480000,0x00000000f3480000)
 ParOldGen       total 40960K, used 24750K [0x00000000c0000000, 0x00000000c2800000, 0x00000000eaa80000)
  object space 40960K, 60% used [0x00000000c0000000,0x00000000c182bbc8,0x00000000c2800000)
 PSPermGen       total 21504K, used 5929K [0x00000000b5a00000, 0x00000000b6f00000, 0x00000000c0000000)
  object space 21504K, 27% used [0x00000000b5a00000,0x00000000b5fca598,0x00000000b6f00000)
}
Event: 32.567 GC heap before
{Heap before GC invocations=7 (full 0):
 PSYoungGen      total 139264K, used 137925K [0x00000000eaa80000, 0x00000000f4680000, 0x0000000100000000)
  eden space 124928K, 100% used [0x00000000eaa80000,0x00000000f2480000,0x00000000f2480000)
  from space 14336K, 90% used [0x00000000f3480000,0x00000000f4131770,0x00000000f4280000)
  to   space 16384K, 0% used [0x00000000f2480000,0x00000000f2480000,0x00000000f3480000)
 ParOldGen       total 40960K, used 24750K [0x00000000c0000000, 0x00000000c2800000, 0x00000000eaa80000)
  object space 40960K, 60% used [0x00000000c0000000,0x00000000c182bbc8,0x00000000c2800000)
 PSPermGen       total 21504K, used 6003K [0x00000000b5a00000, 0x00000000b6f00000, 0x00000000c0000000)
  object space 21504K, 27% used [0x00000000b5a00000,0x00000000b5fdcfe0,0x00000000b6f00000)

Deoptimization events (10 events):
Event: 9.758 Thread 0x00007f727800a000 Uncommon trap: reason=unreached action=reinterpret pc=0x00007f7274894a84 method=com.android.dx.ssa.SCCP.simulateBranch(Lcom/android/dx/ssa/SsaInsn;)V @ 132
Event: 9.759 Thread 0x00007f727800a000 Uncommon trap: reason=unloaded action=reinterpret pc=0x00007f727491fea4 method=com.android.dx.ssa.LiteralOpUpgrader$1.visitNonMoveInsn(Lcom/android/dx/ssa/NormalSsaInsn;)V @ 72
Event: 10.804 Thread 0x00007f727800a000 Uncommon trap: reason=bimorphic action=maybe_recompile pc=0x00007f727498c80c method=com.android.dx.cf.code.RopperMachine.run(Lcom/android/dx/cf/code/Frame;II)V @ 310
Event: 10.918 Thread 0x00007f727800a000 Uncommon trap: reason=bimorphic action=maybe_recompile pc=0x00007f72749cf510 method=com.android.dx.cf.code.BytecodeArray.parseInstruction(ILcom/android/dx/cf/code/BytecodeArray$Visitor;)I @ 1287
Event: 11.011 Thread 0x00007f727800a000 Uncommon trap: reason=bimorphic action=maybe_recompile pc=0x00007f72749cf510 method=com.android.dx.cf.code.BytecodeArray.parseInstruction(ILcom/android/dx/cf/code/BytecodeArray$Visitor;)I @ 1287
Event: 32.313 Thread 0x00007f727800a000 Uncommon trap: reason=unloaded action=reinterpret pc=0x00007f7274907494 method=com.android.dx.cf.code.Ropper.addSetupBlocks()V @ 462
Event: 32.313 Thread 0x00007f727800a000 Uncommon trap: reason=unloaded action=reinterpret pc=0x00007f7274889380 method=com.android.dx.cf.code.Ropper.addReturnBlock()V @ 45
Event: 32.415 Thread 0x00007f727800a000 Uncommon trap: reason=unreached action=reinterpret pc=0x00007f72749051ec method=com.android.dx.ssa.MoveParamCombiner$1.visitNonMoveInsn(Lcom/android/dx/ssa/NormalSsaInsn;)V @ 27
Event: 32.437 Thread 0x00007f727800a000 Uncommon trap: reason=bimorphic action=maybe_recompile pc=0x00007f7274900954 method=com.android.dx.ssa.LiteralOpUpgrader.tryReplacingWithConstant(Lcom/android/dx/ssa/NormalSsaInsn;)Z @ 62
Event: 32.441 Thread 0x00007f727800a000 Uncommon trap: reason=bimorphic action=maybe_recompile pc=0x00007f7274900954 method=com.android.dx.ssa.LiteralOpUpgrader.tryReplacingWithConstant(Lcom/android/dx/ssa/NormalSsaInsn;)Z @ 62

Internal exceptions (10 events):
Event: 3.258 Thread 0x00007f727800a000 Implicit null exception at 0x00007f727486a192 to 0x00007f727486a245
Event: 3.499 Thread 0x00007f727800a000 Threw 0x00000000eac99c00 at /build/buildd/openjdk-7-7u71-2.5.3/build/openjdk/hotspot/src/share/vm/prims/jvm.cpp:1284
Event: 3.514 Thread 0x00007f727800a000 Threw 0x00000000eacf6bd0 at /build/buildd/openjdk-7-7u71-2.5.3/build/openjdk/hotspot/src/share/vm/prims/jvm.cpp:1284
Event: 3.532 Thread 0x00007f727800a000 Implicit null exception at 0x00007f72748ac687 to 0x00007f72748ad105
Event: 4.337 Thread 0x00007f727800a000 Implicit null exception at 0x00007f72748b610c to 0x00007f72748b6a81
Event: 5.827 Thread 0x00007f727800a000 Threw 0x00000000eb6af548 at /build/buildd/openjdk-7-7u71-2.5.3/build/openjdk/hotspot/src/share/vm/prims/jvm.cpp:1284
Event: 6.052 Thread 0x00007f727800a000 Threw 0x00000000ebb59570 at /build/buildd/openjdk-7-7u71-2.5.3/build/openjdk/hotspot/src/share/vm/prims/jvm.cpp:1284
Event: 6.375 Thread 0x00007f727800a000 Threw 0x00000000ec69e258 at /build/buildd/openjdk-7-7u71-2.5.3/build/openjdk/hotspot/src/share/vm/prims/jvm.cpp:1284
Event: 9.624 Thread 0x00007f727800a000 Threw 0x00000000ebf05198 at /build/buildd/openjdk-7-7u71-2.5.3/build/openjdk/hotspot/src/share/vm/prims/jvm.cpp:1284
Event: 9.759 Thread 0x00007f727800a000 Threw 0x00000000ecee5028 at /build/buildd/openjdk-7-7u71-2.5.3/build/openjdk/hotspot/src/share/vm/prims/jvm.cpp:1284

Events (10 events):
Event: 32.437 Thread 0x00007f727800a000 Uncommon trap: trap_request=0xffffffc6 fr.pc=0x00007f7274900954
Event: 32.437 Thread 0x00007f727800a000 DEOPT PACKING pc=0x00007f7274900954 sp=0x00007f727ed49d60
Event: 32.437 Thread 0x00007f727800a000 DEOPT UNPACKING pc=0x00007f72747fe045 sp=0x00007f727ed49ca0 mode 2
Event: 32.441 Thread 0x00007f727800a000 Uncommon trap: trap_request=0xffffffc6 fr.pc=0x00007f7274900954
Event: 32.441 Thread 0x00007f727800a000 DEOPT PACKING pc=0x00007f7274900954 sp=0x00007f727ed49cd0
Event: 32.441 Thread 0x00007f727800a000 DEOPT UNPACKING pc=0x00007f72747fe045 sp=0x00007f727ed49c10 mode 2
Event: 32.498 Thread 0x00007f7278172800 flushing nmethod 0x00007f72748bbc10
Event: 32.528 Thread 0x00007f7278175800 flushing nmethod 0x00007f72749e64d0
Event: 32.528 Thread 0x00007f7278175800 flushing nmethod 0x00007f72749ebfd0
Event: 32.567 Executing VM operation: ParallelGCFailedAllocation


Dynamic libraries:
00400000-00401000 r-xp 00000000 07:00 23789                              /usr/lib/jvm/java-7-openjdk-amd64/jre/bin/java
00600000-00601000 r--p 00000000 07:00 23789                              /usr/lib/jvm/java-7-openjdk-amd64/jre/bin/java
00601000-00602000 rw-p 00001000 07:00 23789                              /usr/lib/jvm/java-7-openjdk-amd64/jre/bin/java
02533000-02554000 rw-p 00000000 00:00 0                                  [heap]
b5a00000-b6f00000 rw-p 00000000 00:00 0 
b6f00000-c0000000 rw-p 00000000 00:00 0 
c0000000-c2800000 rw-p 00000000 00:00 0 
c2800000-eaa80000 rw-p 00000000 00:00 0 
eaa80000-f4680000 rw-p 00000000 00:00 0 
fd280000-100000000 rw-p 00000000 00:00 0 
7f7238000000-7f7238021000 rw-p 00000000 00:00 0 
7f7238021000-7f723c000000 ---p 00000000 00:00 0 
7f7240000000-7f7240d66000 rw-p 00000000 00:00 0 
7f7240d66000-7f7244000000 ---p 00000000 00:00 0 
7f7244000000-7f7244021000 rw-p 00000000 00:00 0 
7f7244021000-7f7248000000 ---p 00000000 00:00 0 
7f7248000000-7f7248f01000 rw-p 00000000 00:00 0 
7f7248f01000-7f724c000000 ---p 00000000 00:00 0 
7f724e47e000-7f724e4bb000 r-xp 00000000 07:00 10135                      /lib/x86_64-linux-gnu/libpcre.so.3.13.1
7f724e4bb000-7f724e6ba000 ---p 0003d000 07:00 10135                      /lib/x86_64-linux-gnu/libpcre.so.3.13.1
7f724e6ba000-7f724e6bb000 r--p 0003c000 07:00 10135                      /lib/x86_64-linux-gnu/libpcre.so.3.13.1
7f724e6bb000-7f724e6bc000 rw-p 0003d000 07:00 10135                      /lib/x86_64-linux-gnu/libpcre.so.3.13.1
7f724e6bc000-7f724e6c3000 r-xp 00000000 07:00 50611                      /usr/lib/x86_64-linux-gnu/libffi.so.6.0.1
7f724e6c3000-7f724e8c2000 ---p 00007000 07:00 50611                      /usr/lib/x86_64-linux-gnu/libffi.so.6.0.1
7f724e8c2000-7f724e8c3000 r--p 00006000 07:00 50611                      /usr/lib/x86_64-linux-gnu/libffi.so.6.0.1
7f724e8c3000-7f724e8c4000 rw-p 00007000 07:00 50611                      /usr/lib/x86_64-linux-gnu/libffi.so.6.0.1
7f724e8c4000-7f724e8db000 r-xp 00000000 07:00 10158                      /lib/x86_64-linux-gnu/libresolv-2.19.so
7f724e8db000-7f724eadb000 ---p 00017000 07:00 10158                      /lib/x86_64-linux-gnu/libresolv-2.19.so
7f724eadb000-7f724eadc000 r--p 00017000 07:00 10158                      /lib/x86_64-linux-gnu/libresolv-2.19.so
7f724eadc000-7f724eadd000 rw-p 00018000 07:00 10158                      /lib/x86_64-linux-gnu/libresolv-2.19.so
7f724eadd000-7f724eadf000 rw-p 00000000 00:00 0 
7f724eadf000-7f724eaff000 r-xp 00000000 07:00 10162                      /lib/x86_64-linux-gnu/libselinux.so.1
7f724eaff000-7f724ecfe000 ---p 00020000 07:00 10162                      /lib/x86_64-linux-gnu/libselinux.so.1
7f724ecfe000-7f724ecff000 r--p 0001f000 07:00 10162                      /lib/x86_64-linux-gnu/libselinux.so.1
7f724ecff000-7f724ed00000 rw-p 00020000 07:00 10162                      /lib/x86_64-linux-gnu/libselinux.so.1
7f724ed00000-7f724ed02000 rw-p 00000000 00:00 0 
7f724ed02000-7f724ed05000 r-xp 00000000 07:00 50763                      /usr/lib/x86_64-linux-gnu/libgmodule-2.0.so.0.4002.0
7f724ed05000-7f724ef04000 ---p 00003000 07:00 50763                      /usr/lib/x86_64-linux-gnu/libgmodule-2.0.so.0.4002.0
7f724ef04000-7f724ef05000 r--p 00002000 07:00 50763                      /usr/lib/x86_64-linux-gnu/libgmodule-2.0.so.0.4002.0
7f724ef05000-7f724ef06000 rw-p 00003000 07:00 50763                      /usr/lib/x86_64-linux-gnu/libgmodule-2.0.so.0.4002.0
7f724ef06000-7f724f00c000 r-xp 00000000 07:00 10062                      /lib/x86_64-linux-gnu/libglib-2.0.so.0.4002.0
7f724f00c000-7f724f20b000 ---p 00106000 07:00 10062                      /lib/x86_64-linux-gnu/libglib-2.0.so.0.4002.0
7f724f20b000-7f724f20c000 r--p 00105000 07:00 10062                      /lib/x86_64-linux-gnu/libglib-2.0.so.0.4002.0
7f724f20c000-7f724f20d000 rw-p 00106000 07:00 10062                      /lib/x86_64-linux-gnu/libglib-2.0.so.0.4002.0
7f724f20d000-7f724f20e000 rw-p 00000000 00:00 0 
7f724f20e000-7f724f25d000 r-xp 00000000 07:00 50795                      /usr/lib/x86_64-linux-gnu/libgobject-2.0.so.0.4002.0
7f724f25d000-7f724f45d000 ---p 0004f000 07:00 50795                      /usr/lib/x86_64-linux-gnu/libgobject-2.0.so.0.4002.0
7f724f45d000-7f724f45e000 r--p 0004f000 07:00 50795                      /usr/lib/x86_64-linux-gnu/libgobject-2.0.so.0.4002.0
7f724f45e000-7f724f45f000 rw-p 00050000 07:00 50795                      /usr/lib/x86_64-linux-gnu/libgobject-2.0.so.0.4002.0
7f724f45f000-7f724f5cb000 r-xp 00000000 07:00 50740                      /usr/lib/x86_64-linux-gnu/libgio-2.0.so.0.4002.0
7f724f5cb000-7f724f7ca000 ---p 0016c000 07:00 50740                      /usr/lib/x86_64-linux-gnu/libgio-2.0.so.0.4002.0
7f724f7ca000-7f724f7ce000 r--p 0016b000 07:00 50740                      /usr/lib/x86_64-linux-gnu/libgio-2.0.so.0.4002.0
7f724f7ce000-7f724f7d0000 rw-p 0016f000 07:00 50740                      /usr/lib/x86_64-linux-gnu/libgio-2.0.so.0.4002.0
7f724f7d0000-7f724f7d2000 rw-p 00000000 00:00 0 
7f724f7d2000-7f724f7e9000 r-xp 00000000 07:00 23837                      /usr/lib/jvm/java-7-openjdk-amd64/jre/lib/amd64/libnet.so
7f724f7e9000-7f724f9e8000 ---p 00017000 07:00 23837                      /usr/lib/jvm/java-7-openjdk-amd64/jre/lib/amd64/libnet.so
7f724f9e8000-7f724f9e9000 r--p 00016000 07:00 23837                      /usr/lib/jvm/java-7-openjdk-amd64/jre/lib/amd64/libnet.so
7f724f9e9000-7f724f9ea000 rw-p 00017000 07:00 23837                      /usr/lib/jvm/java-7-openjdk-amd64/jre/lib/amd64/libnet.so
7f724f9ea000-7f724f9fa000 r-xp 00000000 07:00 23838                      /usr/lib/jvm/java-7-openjdk-amd64/jre/lib/amd64/libnio.so
7f724f9fa000-7f724fbfa000 ---p 00010000 07:00 23838                      /usr/lib/jvm/java-7-openjdk-amd64/jre/lib/amd64/libnio.so
7f724fbfa000-7f724fbfb000 r--p 00010000 07:00 23838                      /usr/lib/jvm/java-7-openjdk-amd64/jre/lib/amd64/libnio.so
7f724fbfb000-7f724fbfc000 rw-p 00011000 07:00 23838                      /usr/lib/jvm/java-7-openjdk-amd64/jre/lib/amd64/libnio.so
7f724fbfc000-7f724fbfd000 ---p 00000000 00:00 0 
7f724fbfd000-7f724fcfd000 rw-p 00000000 00:00 0                          [stack:5005]
7f724fcfd000-7f724fd00000 ---p 00000000 00:00 0 
7f724fd00000-7f724fdfe000 rw-p 00000000 00:00 0                          [stack:4996]
7f724fdfe000-7f724fe01000 ---p 00000000 00:00 0 
7f724fe01000-7f724feff000 rw-p 00000000 00:00 0                          [stack:4992]
7f724feff000-7f724ff02000 ---p 00000000 00:00 0 
7f724ff02000-7f7250000000 rw-p 00000000 00:00 0                          [stack:4989]
7f7250000000-7f7250021000 rw-p 00000000 00:00 0 
7f7250021000-7f7254000000 ---p 00000000 00:00 0 
7f7254000000-7f7254021000 rw-p 00000000 00:00 0 
7f7254021000-7f7258000000 ---p 00000000 00:00 0 
7f7258000000-7f7258241000 rw-p 00000000 00:00 0 
7f7258241000-7f725c000000 ---p 00000000 00:00 0 
7f725c000000-7f725c021000 rw-p 00000000 00:00 0 
7f725c021000-7f7260000000 ---p 00000000 00:00 0 
7f7260000000-7f7260021000 rw-p 00000000 00:00 0 
7f7260021000-7f7264000000 ---p 00000000 00:00 0 
7f7264031000-7f7264034000 ---p 00000000 00:00 0 
7f7264034000-7f7264132000 rw-p 00000000 00:00 0                          [stack:4986]
7f7264132000-7f72643fb000 r--p 00000000 07:00 28888                      /usr/lib/locale/locale-archive
7f72643fb000-7f72643fe000 ---p 00000000 00:00 0 
7f72643fe000-7f72644fc000 rw-p 00000000 00:00 0                          [stack:4985]
7f72644fc000-7f72644ff000 ---p 00000000 00:00 0 
7f72644ff000-7f72645fd000 rw-p 00000000 00:00 0                          [stack:4984]
7f72645fd000-7f72645fe000 ---p 00000000 00:00 0 
7f72645fe000-7f7265656000 rw-p 00000000 00:00 0                          [stack:4977]
7f7265656000-7f7265807000 r--s 01d25000 07:00 23905                      /usr/lib/jvm/java-7-openjdk-amd64/jre/lib/rt.jar
7f7265807000-7f7268000000 rw-p 00000000 00:00 0 
7f7268000000-7f7268021000 rw-p 00000000 00:00 0 
7f7268021000-7f726c000000 ---p 00000000 00:00 0 
7f726c000000-7f726c021000 rw-p 00000000 00:00 0 
7f726c021000-7f7270000000 ---p 00000000 00:00 0 
7f7270000000-7f7270021000 rw-p 00000000 00:00 0 
7f7270021000-7f7274000000 ---p 00000000 00:00 0 
7f7274017000-7f7274018000 ---p 00000000 00:00 0 
7f7274018000-7f7274118000 rw-p 00000000 00:00 0                          [stack:4965]
7f7274118000-7f7274119000 ---p 00000000 00:00 0 
7f7274119000-7f7274219000 rw-p 00000000 00:00 0                          [stack:4963]
7f7274219000-7f727421a000 ---p 00000000 00:00 0 
7f727421a000-7f727431a000 rw-p 00000000 00:00 0                          [stack:4960]
7f727431a000-7f727431b000 ---p 00000000 00:00 0 
7f727431b000-7f727442f000 rw-p 00000000 00:00 0                          [stack:4958]
7f727442f000-7f7274571000 rw-p 00000000 00:00 0 
7f7274571000-7f727457c000 rw-p 00000000 00:00 0 
7f727457c000-7f72745c4000 rw-p 00000000 00:00 0 
7f72745c4000-7f72745d8000 rw-p 00000000 00:00 0 
7f72745d8000-7f7274719000 rw-p 00000000 00:00 0 
7f7274719000-7f7274768000 rw-p 00000000 00:00 0 
7f7274768000-7f72747c4000 rw-p 00000000 00:00 0 
7f72747c4000-7f72747c5000 rw-p 00000000 00:00 0 
7f72747c5000-7f7274a55000 rwxp 00000000 00:00 0 
7f7274a55000-7f72777c5000 rw-p 00000000 00:00 0 
7f72777c5000-7f72777cd000 r-xp 00000000 07:00 23845                      /usr/lib/jvm/java-7-openjdk-amd64/jre/lib/amd64/libzip.so
7f72777cd000-7f72779cc000 ---p 00008000 07:00 23845                      /usr/lib/jvm/java-7-openjdk-amd64/jre/lib/amd64/libzip.so
7f72779cc000-7f72779cd000 r--p 00007000 07:00 23845                      /usr/lib/jvm/java-7-openjdk-amd64/jre/lib/amd64/libzip.so
7f72779cd000-7f72779ce000 rw-p 00008000 07:00 23845                      /usr/lib/jvm/java-7-openjdk-amd64/jre/lib/amd64/libzip.so
7f72779ce000-7f72779d9000 r-xp 00000000 07:00 10107                      /lib/x86_64-linux-gnu/libnss_files-2.19.so
7f72779d9000-7f7277bd8000 ---p 0000b000 07:00 10107                      /lib/x86_64-linux-gnu/libnss_files-2.19.so
7f7277bd8000-7f7277bd9000 r--p 0000a000 07:00 10107                      /lib/x86_64-linux-gnu/libnss_files-2.19.so
7f7277bd9000-7f7277bda000 rw-p 0000b000 07:00 10107                      /lib/x86_64-linux-gnu/libnss_files-2.19.so
7f7277bda000-7f7277be5000 r-xp 00000000 07:00 10117                      /lib/x86_64-linux-gnu/libnss_nis-2.19.so
7f7277be5000-7f7277de4000 ---p 0000b000 07:00 10117                      /lib/x86_64-linux-gnu/libnss_nis-2.19.so
7f7277de4000-7f7277de5000 r--p 0000a000 07:00 10117                      /lib/x86_64-linux-gnu/libnss_nis-2.19.so
7f7277de5000-7f7277de6000 rw-p 0000b000 07:00 10117                      /lib/x86_64-linux-gnu/libnss_nis-2.19.so
7f7277de6000-7f7277dfd000 r-xp 00000000 07:00 10101                      /lib/x86_64-linux-gnu/libnsl-2.19.so
7f7277dfd000-7f7277ffc000 ---p 00017000 07:00 10101                      /lib/x86_64-linux-gnu/libnsl-2.19.so
7f7277ffc000-7f7277ffd000 r--p 00016000 07:00 10101                      /lib/x86_64-linux-gnu/libnsl-2.19.so
7f7277ffd000-7f7277ffe000 rw-p 00017000 07:00 10101                      /lib/x86_64-linux-gnu/libnsl-2.19.so
7f7277ffe000-7f7278000000 rw-p 00000000 00:00 0 
7f7278000000-7f7278305000 rw-p 00000000 00:00 0 
7f7278305000-7f727c000000 ---p 00000000 00:00 0 
7f727c006000-7f727c017000 r--s 000aa000 08:02 1178993                    /home/student/AndroidStudioProjects/Week5/app/build/intermediates/exploded-aar/com.android.support/support-v4/21.0.3/classes.jar
7f727c017000-7f727c026000 r--s 000dd000 08:02 130872                     /home/student/Android/Sdk/build-tools/21.1.2/lib/dx.jar
7f727c026000-7f727c08c000 rw-p 00000000 00:00 0 
7f727c08c000-7f727c0d4000 rw-p 00000000 00:00 0 
7f727c0d4000-7f727c0dd000 r-xp 00000000 07:00 10103                      /lib/x86_64-linux-gnu/libnss_compat-2.19.so
7f727c0dd000-7f727c2dc000 ---p 00009000 07:00 10103                      /lib/x86_64-linux-gnu/libnss_compat-2.19.so
7f727c2dc000-7f727c2dd000 r--p 00008000 07:00 10103                      /lib/x86_64-linux-gnu/libnss_compat-2.19.so
7f727c2dd000-7f727c2de000 rw-p 00009000 07:00 10103                      /lib/x86_64-linux-gnu/libnss_compat-2.19.so
7f727c2de000-7f727c309000 r-xp 00000000 07:00 23824                      /usr/lib/jvm/java-7-openjdk-amd64/jre/lib/amd64/libjava.so
7f727c309000-7f727c508000 ---p 0002b000 07:00 23824                      /usr/lib/jvm/java-7-openjdk-amd64/jre/lib/amd64/libjava.so
7f727c508000-7f727c509000 r--p 0002a000 07:00 23824                      /usr/lib/jvm/java-7-openjdk-amd64/jre/lib/amd64/libjava.so
7f727c509000-7f727c50b000 rw-p 0002b000 07:00 23824                      /usr/lib/jvm/java-7-openjdk-amd64/jre/lib/amd64/libjava.so
7f727c50b000-7f727c51b000 r-xp 00000000 07:00 23844                      /usr/lib/jvm/java-7-openjdk-amd64/jre/lib/amd64/libverify.so
7f727c51b000-7f727c71a000 ---p 00010000 07:00 23844                      /usr/lib/jvm/java-7-openjdk-amd64/jre/lib/amd64/libverify.so
7f727c71a000-7f727c71c000 r--p 0000f000 07:00 23844                      /usr/lib/jvm/java-7-openjdk-amd64/jre/lib/amd64/libverify.so
7f727c71c000-7f727c71d000 rw-p 00011000 07:00 23844                      /usr/lib/jvm/java-7-openjdk-amd64/jre/lib/amd64/libverify.so
7f727c71d000-7f727c724000 r-xp 00000000 07:00 10160                      /lib/x86_64-linux-gnu/librt-2.19.so
7f727c724000-7f727c923000 ---p 00007000 07:00 10160                      /lib/x86_64-linux-gnu/librt-2.19.so
7f727c923000-7f727c924000 r--p 00006000 07:00 10160                      /lib/x86_64-linux-gnu/librt-2.19.so
7f727c924000-7f727c925000 rw-p 00007000 07:00 10160                      /lib/x86_64-linux-gnu/librt-2.19.so
7f727c925000-7f727c93b000 r-xp 00000000 07:00 10056                      /lib/x86_64-linux-gnu/libgcc_s.so.1
7f727c93b000-7f727cb3a000 ---p 00016000 07:00 10056                      /lib/x86_64-linux-gnu/libgcc_s.so.1
7f727cb3a000-7f727cb3b000 rw-p 00015000 07:00 10056                      /lib/x86_64-linux-gnu/libgcc_s.so.1
7f727cb3b000-7f727cc40000 r-xp 00000000 07:00 10082                      /lib/x86_64-linux-gnu/libm-2.19.so
7f727cc40000-7f727ce3f000 ---p 00105000 07:00 10082                      /lib/x86_64-linux-gnu/libm-2.19.so
7f727ce3f000-7f727ce40000 r--p 00104000 07:00 10082                      /lib/x86_64-linux-gnu/libm-2.19.so
7f727ce40000-7f727ce41000 rw-p 00105000 07:00 10082                      /lib/x86_64-linux-gnu/libm-2.19.so
7f727ce41000-7f727cf27000 r-xp 00000000 07:00 51535                      /usr/lib/x86_64-linux-gnu/libstdc++.so.6.0.19
7f727cf27000-7f727d126000 ---p 000e6000 07:00 51535                      /usr/lib/x86_64-linux-gnu/libstdc++.so.6.0.19
7f727d126000-7f727d12e000 r--p 000e5000 07:00 51535                      /usr/lib/x86_64-linux-gnu/libstdc++.so.6.0.19
7f727d12e000-7f727d130000 rw-p 000ed000 07:00 51535                      /usr/lib/x86_64-linux-gnu/libstdc++.so.6.0.19
7f727d130000-7f727d145000 rw-p 00000000 00:00 0 
7f727d145000-7f727dc5b000 r-xp 00000000 07:00 23850                      /usr/lib/jvm/java-7-openjdk-amd64/jre/lib/amd64/server/libjvm.so
7f727dc5b000-7f727de5a000 ---p 00b16000 07:00 23850                      /usr/lib/jvm/java-7-openjdk-amd64/jre/lib/amd64/server/libjvm.so
7f727de5a000-7f727def4000 r--p 00b15000 07:00 23850                      /usr/lib/jvm/java-7-openjdk-amd64/jre/lib/amd64/server/libjvm.so
7f727def4000-7f727df17000 rw-p 00baf000 07:00 23850                      /usr/lib/jvm/java-7-openjdk-amd64/jre/lib/amd64/server/libjvm.so
7f727df17000-7f727df45000 rw-p 00000000 00:00 0 
7f727df45000-7f727df5d000 r-xp 00000000 07:00 10195                      /lib/x86_64-linux-gnu/libz.so.1.2.8
7f727df5d000-7f727e15c000 ---p 00018000 07:00 10195                      /lib/x86_64-linux-gnu/libz.so.1.2.8
7f727e15c000-7f727e15d000 r--p 00017000 07:00 10195                      /lib/x86_64-linux-gnu/libz.so.1.2.8
7f727e15d000-7f727e15e000 rw-p 00018000 07:00 10195                      /lib/x86_64-linux-gnu/libz.so.1.2.8
7f727e15e000-7f727e177000 r-xp 00000000 07:00 10152                      /lib/x86_64-linux-gnu/libpthread-2.19.so
7f727e177000-7f727e376000 ---p 00019000 07:00 10152                      /lib/x86_64-linux-gnu/libpthread-2.19.so
7f727e376000-7f727e377000 r--p 00018000 07:00 10152                      /lib/x86_64-linux-gnu/libpthread-2.19.so
7f727e377000-7f727e378000 rw-p 00019000 07:00 10152                      /lib/x86_64-linux-gnu/libpthread-2.19.so
7f727e378000-7f727e37c000 rw-p 00000000 00:00 0 
7f727e37c000-7f727e37f000 r-xp 00000000 07:00 10046                      /lib/x86_64-linux-gnu/libdl-2.19.so
7f727e37f000-7f727e57e000 ---p 00003000 07:00 10046                      /lib/x86_64-linux-gnu/libdl-2.19.so
7f727e57e000-7f727e57f000 r--p 00002000 07:00 10046                      /lib/x86_64-linux-gnu/libdl-2.19.so
7f727e57f000-7f727e580000 rw-p 00003000 07:00 10046                      /lib/x86_64-linux-gnu/libdl-2.19.so
7f727e580000-7f727e73b000 r-xp 00000000 07:00 10029                      /lib/x86_64-linux-gnu/libc-2.19.so
7f727e73b000-7f727e93b000 ---p 001bb000 07:00 10029                      /lib/x86_64-linux-gnu/libc-2.19.so
7f727e93b000-7f727e93f000 r--p 001bb000 07:00 10029                      /lib/x86_64-linux-gnu/libc-2.19.so
7f727e93f000-7f727e941000 rw-p 001bf000 07:00 10029                      /lib/x86_64-linux-gnu/libc-2.19.so
7f727e941000-7f727e946000 rw-p 00000000 00:00 0 
7f727e946000-7f727e953000 r-xp 00000000 07:00 23809                      /usr/lib/jvm/java-7-openjdk-amd64/jre/lib/amd64/jli/libjli.so
7f727e953000-7f727eb52000 ---p 0000d000 07:00 23809                      /usr/lib/jvm/java-7-openjdk-amd64/jre/lib/amd64/jli/libjli.so
7f727eb52000-7f727eb53000 r--p 0000c000 07:00 23809                      /usr/lib/jvm/java-7-openjdk-amd64/jre/lib/amd64/jli/libjli.so
7f727eb53000-7f727eb54000 rw-p 0000d000 07:00 23809                      /usr/lib/jvm/java-7-openjdk-amd64/jre/lib/amd64/jli/libjli.so
7f727eb54000-7f727eb77000 r-xp 00000000 07:00 10005                      /lib/x86_64-linux-gnu/ld-2.19.so
7f727eb77000-7f727eb78000 rw-p 00000000 00:00 0 
7f727eb78000-7f727eb7a000 r--s 00012000 07:00 23873                      /usr/lib/jvm/java-7-openjdk-amd64/jre/lib/ext/zipfs.jar
7f727eb7a000-7f727eb7e000 r--s 0003c000 07:00 23872                      /usr/lib/jvm/java-7-openjdk-amd64/jre/lib/ext/sunpkcs11.jar
7f727eb7e000-7f727eb82000 r--s 00034000 07:00 23871                      /usr/lib/jvm/java-7-openjdk-amd64/jre/lib/ext/sunjce_provider.jar
7f727eb82000-7f727eb86000 r--s 00085000 07:00 23870                      /usr/lib/jvm/java-7-openjdk-amd64/jre/lib/ext/localedata.jar
7f727eb86000-7f727eb88000 r--s 00006000 07:00 138580                     /usr/share/java/java-atk-wrapper.jar
7f727eb88000-7f727eb8b000 r--s 0000f000 07:00 23867                      /usr/lib/jvm/java-7-openjdk-amd64/jre/lib/ext/icedtea-sound.jar
7f727eb8b000-7f727eb96000 rw-p 00000000 00:00 0 
7f727eb96000-7f727ec4b000 rw-p 00000000 00:00 0 
7f727ec4b000-7f727ec4e000 ---p 00000000 00:00 0 
7f727ec4e000-7f727ed51000 rw-p 00000000 00:00 0                          [stack:4957]
7f727ed51000-7f727ed52000 r--s 00002000 07:00 23866                      /usr/lib/jvm/java-7-openjdk-amd64/jre/lib/ext/dnsns.jar
7f727ed52000-7f727ed6a000 rw-p 00000000 00:00 0 
7f727ed6a000-7f727ed72000 rw-s 00000000 00:15 132493                     /tmp/hsperfdata_student/4925
7f727ed72000-7f727ed73000 rw-p 00000000 00:00 0 
7f727ed73000-7f727ed74000 ---p 00000000 00:00 0 
7f727ed74000-7f727ed76000 rw-p 00000000 00:00 0 
7f727ed76000-7f727ed77000 r--p 00022000 07:00 10005                      /lib/x86_64-linux-gnu/ld-2.19.so
7f727ed77000-7f727ed78000 rw-p 00023000 07:00 10005                      /lib/x86_64-linux-gnu/ld-2.19.so
7f727ed78000-7f727ed79000 rw-p 00000000 00:00 0 
7fff78de8000-7fff78e09000 rw-p 00000000 00:00 0                          [stack]
7fff78ea6000-7fff78ea8000 r-xp 00000000 00:00 0                          [vdso]
ffffffffff600000-ffffffffff601000 r-xp 00000000 00:00 0                  [vsyscall]

VM Arguments:
jvm_args: -Xmx1024M 
java_command: /home/student/Android/Sdk/build-tools/21.1.2/lib/dx.jar --dex --output /home/student/AndroidStudioProjects/Week5/app/build/intermediates/pre-dexed/debug/classes-66929286952be45ee8ada14961cc04e7eeb3421e.jar /home/student/AndroidStudioProjects/Week5/app/build/intermediates/exploded-aar/com.android.support/support-v4/21.0.3/classes.jar
Launcher Type: SUN_STANDARD

Environment Variables:
CLASSPATH=/home/student/android-studio/bin/../lib/bootstrap.jar:/home/student/android-studio/bin/../lib/extensions.jar:/home/student/android-studio/bin/../lib/util.jar:/home/student/android-studio/bin/../lib/jdom.jar:/home/student/android-studio/bin/../lib/log4j.jar:/home/student/android-studio/bin/../lib/trove4j.jar:/home/student/android-studio/bin/../lib/jna.jar:/usr/lib/jvm/java-7-openjdk-amd64/lib/tools.jar
PATH=/usr/local/sbin:/usr/local/bin:/usr/sbin:/usr/bin:/sbin:/bin:/usr/games:/usr/local/games
USERNAME=student
LD_LIBRARY_PATH=/home/student/android-studio/bin:
SHELL=/bin/bash
DISPLAY=:0

Signal Handlers:
SIGSEGV: [libjvm.so+0x9495e0], sa_mask[0]=0x7ffbfeff, sa_flags=0x10000004
SIGBUS: [libjvm.so+0x9495e0], sa_mask[0]=0x7ffbfeff, sa_flags=0x10000004
SIGFPE: [libjvm.so+0x7c3410], sa_mask[0]=0x7ffbfeff, sa_flags=0x10000004
SIGPIPE: [libjvm.so+0x7c3410], sa_mask[0]=0x7ffbfeff, sa_flags=0x10000004
SIGXFSZ: [libjvm.so+0x7c3410], sa_mask[0]=0x7ffbfeff, sa_flags=0x10000004
SIGILL: [libjvm.so+0x7c3410], sa_mask[0]=0x7ffbfeff, sa_flags=0x10000004
SIGUSR1: SIG_DFL, sa_mask[0]=0x00000000, sa_flags=0x00000000
SIGUSR2: [libjvm.so+0x7c32b0], sa_mask[0]=0x00000004, sa_flags=0x10000004
SIGHUP: [libjvm.so+0x7c3490], sa_mask[0]=0x7ffbfeff, sa_flags=0x10000004
SIGINT: [libjvm.so+0x7c3490], sa_mask[0]=0x7ffbfeff, sa_flags=0x10000004
SIGTERM: [libjvm.so+0x7c3490], sa_mask[0]=0x7ffbfeff, sa_flags=0x10000004
SIGQUIT: [libjvm.so+0x7c3490], sa_mask[0]=0x7ffbfeff, sa_flags=0x10000004
SIGTRAP: SIG_DFL, sa_mask[0]=0x00000000, sa_flags=0x00000000


---------------  S Y S T E M  ---------------

OS:LinuxMint 17.1 (rebecca)
uname:Linux 3.13.0-37-generic #64-Ubuntu SMP Mon Sep 22 21:28:38 UTC 2014 x86_64
libc:glibc 2.19 NPTL 2.19 
rlimit: STACK 8192k, CORE 0k, NPROC 30616, NOFILE 4096, AS infinity
load average:11.00 5.60 2.92

/proc/meminfo:
MemTotal:        3941808 kB
MemFree:          206540 kB
Buffers:           15824 kB
Cached:           865504 kB
SwapCached:            0 kB
Active:          2870156 kB
Inactive:         718788 kB
Active(anon):    2853776 kB
Inactive(anon):   655008 kB
Active(file):      16380 kB
Inactive(file):    63780 kB
Unevictable:           0 kB
Mlocked:               0 kB
SwapTotal:             0 kB
SwapFree:              0 kB
Dirty:              3844 kB
Writeback:             0 kB
AnonPages:       2708392 kB
Mapped:            61928 kB
Shmem:            800392 kB
Slab:              55800 kB
SReclaimable:      27976 kB
SUnreclaim:        27824 kB
KernelStack:        3888 kB
PageTables:        24804 kB
NFS_Unstable:          0 kB
Bounce:                0 kB
WritebackTmp:          0 kB
CommitLimit:     1970904 kB
Committed_AS:    6514152 kB
VmallocTotal:   34359738367 kB
VmallocUsed:      551756 kB
VmallocChunk:   34359172788 kB
HardwareCorrupted:     0 kB
AnonHugePages:   1583104 kB
HugePages_Total:       0
HugePages_Free:        0
HugePages_Rsvd:        0
HugePages_Surp:        0
Hugepagesize:       2048 kB
DirectMap4k:       45288 kB
DirectMap2M:     4042752 kB


CPU:total 4 (4 cores per cpu, 1 threads per core) family 6 model 23 stepping 10, cmov, cx8, fxsr, mmx, sse, sse2, sse3, ssse3, sse4.1, tsc

/proc/cpuinfo:
processor	: 0
vendor_id	: GenuineIntel
cpu family	: 6
model		: 23
model name	: Intel(R) Core(TM)2 Quad CPU    Q9550  @ 2.83GHz
stepping	: 10
microcode	: 0xa07
cpu MHz		: 2830.000
cache size	: 6144 KB
physical id	: 0
siblings	: 4
core id		: 0
cpu cores	: 4
apicid		: 0
initial apicid	: 0
fpu		: yes
fpu_exception	: yes
cpuid level	: 13
wp		: yes
flags		: fpu vme de pse tsc msr pae mce cx8 apic sep mtrr pge mca cmov pat pse36 clflush dts acpi mmx fxsr sse sse2 ss ht tm pbe syscall nx lm constant_tsc arch_perfmon pebs bts rep_good nopl aperfmperf pni dtes64 monitor ds_cpl vmx smx est tm2 ssse3 cx16 xtpr pdcm sse4_1 xsave lahf_lm dtherm tpr_shadow vnmi flexpriority
bogomips	: 5666.07
clflush size	: 64
cache_alignment	: 64
address sizes	: 36 bits physical, 48 bits virtual
power management:

processor	: 1
vendor_id	: GenuineIntel
cpu family	: 6
model		: 23
model name	: Intel(R) Core(TM)2 Quad CPU    Q9550  @ 2.83GHz
stepping	: 10
microcode	: 0xa07
cpu MHz		: 1998.000
cache size	: 6144 KB
physical id	: 0
siblings	: 4
core id		: 1
cpu cores	: 4
apicid		: 1
initial apicid	: 1
fpu		: yes
fpu_exception	: yes
cpuid level	: 13
wp		: yes
flags		: fpu vme de pse tsc msr pae mce cx8 apic sep mtrr pge mca cmov pat pse36 clflush dts acpi mmx fxsr sse sse2 ss ht tm pbe syscall nx lm constant_tsc arch_perfmon pebs bts rep_good nopl aperfmperf pni dtes64 monitor ds_cpl vmx smx est tm2 ssse3 cx16 xtpr pdcm sse4_1 xsave lahf_lm dtherm tpr_shadow vnmi flexpriority
bogomips	: 5666.07
clflush size	: 64
cache_alignment	: 64
address sizes	: 36 bits physical, 48 bits virtual
power management:

processor	: 2
vendor_id	: GenuineIntel
cpu family	: 6
model		: 23
model name	: Intel(R) Core(TM)2 Quad CPU    Q9550  @ 2.83GHz
stepping	: 10
microcode	: 0xa07
cpu MHz		: 2830.000
cache size	: 6144 KB
physical id	: 0
siblings	: 4
core id		: 2
cpu cores	: 4
apicid		: 2
initial apicid	: 2
fpu		: yes
fpu_exception	: yes
cpuid level	: 13
wp		: yes
flags		: fpu vme de pse tsc msr pae mce cx8 apic sep mtrr pge mca cmov pat pse36 clflush dts acpi mmx fxsr sse sse2 ss ht tm pbe syscall nx lm constant_tsc arch_perfmon pebs bts rep_good nopl aperfmperf pni dtes64 monitor ds_cpl vmx smx est tm2 ssse3 cx16 xtpr pdcm sse4_1 xsave lahf_lm dtherm tpr_shadow vnmi flexpriority
bogomips	: 5666.07
clflush size	: 64
cache_alignment	: 64
address sizes	: 36 bits physical, 48 bits virtual
power management:

processor	: 3
vendor_id	: GenuineIntel
cpu family	: 6
model		: 23
model name	: Intel(R) Core(TM)2 Quad CPU    Q9550  @ 2.83GHz
stepping	: 10
microcode	: 0xa07
cpu MHz		: 1998.000
cache size	: 6144 KB
physical id	: 0
siblings	: 4
core id		: 3
cpu cores	: 4
apicid		: 3
initial apicid	: 3
fpu		: yes
fpu_exception	: yes
cpuid level	: 13
wp		: yes
flags		: fpu vme de pse tsc msr pae mce cx8 apic sep mtrr pge mca cmov pat pse36 clflush dts acpi mmx fxsr sse sse2 ss ht tm pbe syscall nx lm constant_tsc arch_perfmon pebs bts rep_good nopl aperfmperf pni dtes64 monitor ds_cpl vmx smx est tm2 ssse3 cx16 xtpr pdcm sse4_1 xsave lahf_lm dtherm tpr_shadow vnmi flexpriority
bogomips	: 5666.07
clflush size	: 64
cache_alignment	: 64
address sizes	: 36 bits physical, 48 bits virtual
power management:



Memory: 4k page, physical 3941808k(206540k free), swap 0k(0k free)

vm_info: OpenJDK 64-Bit Server VM (24.65-b04) for linux-amd64 JRE (1.7.0_65-b32), built on Oct 22 2014 04:37:44 by "buildd" with gcc 4.8.2

time: Fri Feb 20 16:04:56 2015
elapsed time: 33 seconds

